d:\visual_studio\pro\pic_collect\pic_collect\x64\debug\moc_thread_cam2.obj
d:\visual_studio\pro\pic_collect\pic_collect\x64\debug\qrc_pic_collect.obj
d:\visual_studio\pro\pic_collect\pic_collect\x64\debug\moc_pic_collect.obj
d:\visual_studio\pro\pic_collect\pic_collect\x64\debug\moc_thread_cam.obj
d:\visual_studio\pro\pic_collect\pic_collect\x64\debug\global_var.obj
d:\visual_studio\pro\pic_collect\pic_collect\x64\debug\pic_collect.obj
d:\visual_studio\pro\pic_collect\pic_collect\x64\debug\utils.obj
d:\visual_studio\pro\pic_collect\pic_collect\x64\debug\main.obj
d:\visual_studio\pro\pic_collect\pic_collect\x64\debug\thread_cam2.obj
d:\visual_studio\pro\pic_collect\pic_collect\x64\debug\thread_cam.obj
d:\visual_studio\pro\pic_collect\pic_collect\x64\debug\vc141.pdb
d:\visual_studio\pro\pic_collect\x64\debug\pic_collect.exe
d:\visual_studio\pro\pic_collect\x64\debug\pic_collect.ilk
d:\visual_studio\pro\pic_collect\x64\debug\pic_collect.pdb
d:\visual_studio\pro\pic_collect\pic_collect\x64\debug\moc\moc_thread_cam2.cpp
d:\visual_studio\pro\pic_collect\pic_collect\x64\debug\moc\moc_pic_collect.cpp
d:\visual_studio\pro\pic_collect\pic_collect\x64\debug\moc\moc_thread_cam.cpp
d:\visual_studio\pro\pic_collect\pic_collect\x64\debug\uic\ui_pic_collect.h
d:\visual_studio\pro\pic_collect\pic_collect\x64\debug\rcc\qrc_pic_collect.cpp
d:\visual_studio\pro\pic_collect\pic_collect\x64\debug\pic_collect.tlog\cl.command.1.tlog
d:\visual_studio\pro\pic_collect\pic_collect\x64\debug\pic_collect.tlog\cl.read.1.tlog
d:\visual_studio\pro\pic_collect\pic_collect\x64\debug\pic_collect.tlog\cl.write.1.tlog
d:\visual_studio\pro\pic_collect\pic_collect\x64\debug\pic_collect.tlog\link.command.1.tlog
d:\visual_studio\pro\pic_collect\pic_collect\x64\debug\pic_collect.tlog\link.read.1.tlog
d:\visual_studio\pro\pic_collect\pic_collect\x64\debug\pic_collect.tlog\link.write.1.tlog
d:\visual_studio\pro\pic_collect\pic_collect\x64\debug\pic_collect.tlog\moc.read.1u.tlog
d:\visual_studio\pro\pic_collect\pic_collect\x64\debug\pic_collect.tlog\moc.write.1u.tlog
d:\visual_studio\pro\pic_collect\pic_collect\x64\debug\pic_collect.tlog\pic_collect.write.1u.tlog
d:\visual_studio\pro\pic_collect\pic_collect\x64\debug\pic_collect.tlog\rcc.read.1u.tlog
d:\visual_studio\pro\pic_collect\pic_collect\x64\debug\pic_collect.tlog\rcc.write.1u.tlog
d:\visual_studio\pro\pic_collect\pic_collect\x64\debug\pic_collect.tlog\uic.read.1u.tlog
d:\visual_studio\pro\pic_collect\pic_collect\x64\debug\pic_collect.tlog\uic.write.1u.tlog
